0 info it worked if it ends with ok
1 verbose cli [ 'node', '/usr/local/bin/npm', 'install', 'data-processing' ]
2 info using npm@1.3.8
3 info using node@v0.10.17
4 verbose readDependencies using package.json deps
5 verbose cache add [ 'data-processing', null ]
6 verbose cache add name=undefined spec="data-processing" args=["data-processing",null]
7 verbose parsed url { protocol: null,
7 verbose parsed url   slashes: null,
7 verbose parsed url   auth: null,
7 verbose parsed url   host: null,
7 verbose parsed url   port: null,
7 verbose parsed url   hostname: null,
7 verbose parsed url   hash: null,
7 verbose parsed url   search: null,
7 verbose parsed url   query: null,
7 verbose parsed url   pathname: 'data-processing',
7 verbose parsed url   path: 'data-processing',
7 verbose parsed url   href: 'data-processing' }
8 silly lockFile 1de9ca5c-data-processing data-processing
9 verbose lock data-processing /Users/sean/.npm/1de9ca5c-data-processing.lock
10 silly lockFile 1de9ca5c-data-processing data-processing
11 silly lockFile 1de9ca5c-data-processing data-processing
12 verbose addNamed [ 'data-processing', '' ]
13 verbose addNamed [ null, '*' ]
14 silly lockFile 205508e4-data-processing data-processing@
15 verbose lock data-processing@ /Users/sean/.npm/205508e4-data-processing.lock
16 silly addNameRange { name: 'data-processing', range: '*', hasData: false }
17 verbose url raw data-processing
18 verbose url resolving [ 'https://registry.npmjs.org/', './data-processing' ]
19 verbose url resolved https://registry.npmjs.org/data-processing
20 info trying registry request attempt 1 at 11:27:07
21 http GET https://registry.npmjs.org/data-processing
22 http 404 https://registry.npmjs.org/data-processing
23 silly registry.get cb [ 404,
23 silly registry.get   { server: 'CouchDB/1.3.1 (Erlang OTP/R15B03)',
23 silly registry.get     date: 'Sun, 03 Nov 2013 19:27:07 GMT',
23 silly registry.get     'content-type': 'application/json',
23 silly registry.get     'content-length': '52',
23 silly registry.get     'cache-control': 'must-revalidate' } ]
24 silly lockFile 205508e4-data-processing data-processing@
25 silly lockFile 205508e4-data-processing data-processing@
26 error 404 'data-processing' is not in the npm registry.
26 error 404 You should bug the author to publish it
26 error 404
26 error 404 Note that you can also install from a
26 error 404 tarball, folder, or http url, or git url.
27 error System Darwin 13.0.0
28 error command "node" "/usr/local/bin/npm" "install" "data-processing"
29 error cwd /Users/sean/workspace/milestone
30 error node -v v0.10.17
31 error npm -v 1.3.8
32 error code E404
33 verbose exit [ 1, true ]
